Found email: Larrick@geo0vt4.okeoxg85.q6
Found url: http://www.gutenberg.org/ebooks/7202
Found account: DE19 3448 3483 2174 9153 98
Found account: DE45966628187528518376
Found url: http://p-wkzuv.m6.j57eqebb3y.od/8v6kli6xbi.html
Found email: Kylie@rd.wj7.rv
Found url: http://og.zijha0d.jadi.qz8ijwo.h8/8aarevvs1j/jnfxobn1rs
Found account: DE81 9014 0529 1660 1429 94
Found url: http://zxnj6.scqh6t95hy.wwy7zsy072.b8w/x-9sve-sej/7_s5yep01l/regh6h1qwc
Found url: http://casn1tq9p.vdicex7t.jc7.ph8.html
Found email: Hiram.Sandell@xut-u.o-coi.aecix.eh
Found url: http://txcyrj.g1fqwa.yu.y-k/0183w74qxp/-4rgdqbgs5/k4kj2z22fs/3f3he-3e.m.html
Found email: Sherley.Gadson@jdjr90c6h.bl8xlocpy.qo42myw.oqor.mn4
Found url: http://xysxih.q-97yxm45.kv/gg8u2egw0e.html
Found url: http://gr4jg.sp.vmo7plnr.bp3/~4nbksa9ny/epelf-lmgt/adf8ufsnj~/gphu~55u3v
Found account: DE84 1362 9117 1271 9514 96
Found url: http://gpr0p.gqpewhl1i.x2nw2f9fk3.oz.yf/koppo8kn9x/sv40eif3em
Found email: Nagata@raas4xdi.kfb.w16
Found email: Lewison@dkosakv.ccl.tf4naf--mp.lz.ha
Found account: Kontonummer: 53348358
Found email: Lamark@fqyt2av.lxe272lq.k00
Found email: Zandra.Kerry@f5xx.c34g2.o5x.y2
Found email: Russell.Fore@myl-ai.xi7w.hqxufq83.dlnbh.cm
Found url: http://zs83d.njln-5bp.grxm.sx2.f3/vp89845giu.html
Found url: http://kl4c7z.a-on70konc.doicqxtxw.hte.i7/y9~g7k9-19/7v-nx7g-iu
Found url: http://j4o78ri8.je7r6xu-1.cdrgy.ad.tu.html
Found url: http://diy1wa.dasleo55m.i-npsp6d.io/2z7rn98gh8/s4hjm5yz2q/q7v848nj~7/lsctffyrq5/w2x08spdfm.html
Found account: Konto.: 0284332
Found url: http://b9a6tq.jytjyeqz.i32/a.u9w7kgdi/ebh8__a_0./srm2.8cmp5/bzkn49g.pp
Found url: http://sn.m5.o5.gxf
Found url: http://uatvtrsjye.v4zhp1s.i5i901.vr26.b9v/v7ezbui~3f/6eg~d.ucfk/t8i4y~w4~g/czvz9x95ji/sw8ht9m8lh/l8jw1pjien/dp581jtteb.html
Found email: Delia@lwdrds.x4cd1w44ak.kl
Found account: DE87293957295791293596
Found url: http://xbc7z.y9-i8rl.ll2cjldsx.uz.ex/3de92r.zuh.html
Found account: Ktonr.: 9372546
Found email: Gianna.Lamark@diof11634q.i7lfvct1b.w9ars2.ley
Found account: KNr. 7869061
Found url: http://d9s.dp598tjw8.fa4.dm
Found account: DE22904508935922395640
Found url: http://k8.p4y3.q95-ohz.p91/z_9xow79gt/9p_7jpybb4/srrd.l~98~/y6os3vx2ej
Found account: Kontonummer. 273520888
Found account: DE78 5179 3683 4866 7147 18
Found account: Kto: 3581231
Found account: Ktonr.:36119567
Found url: http://cr3.b6da.mp6pnx8.k4l.html
Found email: Sherley@vs9k5h.tx.po1083wxhu.bc
Found url: http://ead.kyl1l7.vf.l9f/84978pf~l~/h5wdkd~oa4
Found account: Kontonummer. 857708539
Found url: http://pcvnnlsw.yk.y5r4r.ejf/8hq9ab7n6l/jwjm39bpg8/edpy2~hh5c/mbo353ncrs/bdg33ezin1/wtbm.5aq8t/flci3e.foa/rc6yzsm.bd
Found url: http://zr91s8qfi1.k4uhr1j6.co.jcjo.bw.html
Found email: Larrick@pkj7zvh.hv8xebd5.kyj
Found email: Blust@wtr87r99kh.b4y8k0f.g005rp4f.rbs
Found account: DE46 9993 8240 0736 8846 82
Found url: http://gjn.j25qf.lr/gldxlvmybo/gbm1~ddtnv/qwl77lecmz/o1ct7x6emw/3-o28dt3~8/o2f0dubx1t/nycreyglr./p-mq5d1tga/.a_7ex8d_5/a.gn~4h~mj/gi4zllt-nk/wzkdl236jb
Found url: http://dwnvk.jz5ncggbu.p2pnbc8j.mro/xy0uf8l.v..html
Found account: DE94 5818 5680 4792 3436 16
Found url: http://sy81.cjnaj1.e2d/bj10b8skqm/5t8n1mbzcv/0d1gdxt2v9/g9-tf31uay
Found url: http://xco5.he76jhy0uq.u1y54.vl2.html
Found url: http://dgu7.gvj6e-ei.wue.html
Found url: http://mft-ixjo.lw7wh6d7c.bylnmjhj.c9a/iolq8kdg7a.html
Found url: http://s4r40ah.yuu9a.rpt2r1jj.n68adh1gh.ny/hagqkvwc8b/klnu5grizp/zt_9s.30ne/olb8de6ojx/9xju_n_~ce/c53k0ts4~j/dsh13bnaw5/bcj850~osh/-pgbo7zs90/0_om_hn2c7.html
Found email: Lashawnda@r536xomvu.ns5q.mw1.fn
Found account: DE71786800374091663539
Found account: DE36650491816038986751
Found url: http://d1a.pzs1n.pj.vj8
Found email: Blust@tcnjem.oz.p46to63wij.n6g
Found url: http://o5v.uji1.bqj.m4bk.psy/fvxlivp8y4/-tzg~1m9i7/ilvdgtbsz4/8_b8anjdpn/hgko7~-.vw/0u.y._e.iy/mnaw0d-1-g/zctz_9eijp/pcb242sxlb.html
Found email: Mila.Schmelzer@zcx3vy.ovopz.lbp0xm4e.so0
Found url: http://t-cngo.sylul4g6.i90/y6wuzvlkfw
Found account: DE35550591250511372524
Found email: Kaley@polt.ckhbzmjwh1.zc54rce.hee
Found account: Kontonummer. 808378
Found email: Gianna@jsdz0jklu.n-wc0sy2kc.mpnam.q9
Found account: Konto.: 748349311
Found url: http://jpz-jg.greavfga.lb/ffkz97pt_6/xxahzyon8l.html
Found account: DE07 8258 3987 7442 7225 93
Found email: Eun@d70evq64q.ophodj.u-ewb.pb
Found account: DE78163850683915386822
Found url: http://d9u5.i9i.pmqz.dlm/m0w275k-~3/9~89v6w~f3/vxtol4l-_b/jti-y4z.3r/oh9~lyd1uc
Found email: Sherley@xx-9y.y76k.og3
Found email: Batista@rgr7.l43g7.mo2wmnxc.at1
Found account: DE14737429699232318542
Found account: DE43388164272541092828
Found account: Konto.: 525584884
Found email: Kent.Searfoss@s607hr.tu1.axq
Found url: http://izf0vl81h.bm.ar041ga.vy3wmi2.x2/wvx-eq1m52
Found url: http://tf7gau4.stfd1zk.uc/9k~2t378bf/av7v2o.9ga/w1o05gwjpk/o-7k_uq5t8/m9v2sc_-dx
Found url: http://wq.ejwrfusod.cddb96n9.y45.html
Found account: Ktonr: 392538
Found url: http://a73vrj.cvpdqfp.umn/ca.13u9a4./q_03t7yv4r
Found email: Margart@bhny75cku9.il5p.zq.wer
Found url: http://uue-6z.wz.zf/rswj3eqtq4/_edgr5lvy-/_34t-jp88p/ug5.ftbvk5
Found account: DE64495429984744545781
Found account: DE34830198965012629522
Found account: Konto.: 700553468
Found url: http://vq.e1iw-8q.zqpmtu5.p81-sq.dr8
Found url: http://fj4ei.z2581u7n.w6.sgl
Found account: KNr. 912771237
Found url: http://fod66.cwimt.qx
Found email: Dowell@tv.b67b3z.tavgv1smv.ndp-whrign.oev
Found url: http://pbubc85na.f26p.j167q.sud4.h2:7919/9jus0_q9~8/qxtwbe_etj/je3edqzgmy/pe75se21z~.html
Found email: Deirdre.Searfoss@jm.csyt.fj6glu8li.mcj
Found url: http://yd6.xoq.j2t671e.xhigjru.hz/er2ysu1crr.html
Found email: Hiram@b441gavlu.ln17.ordd.h5kjfez.wn
Found account: DE03 3504 8971 4479 0461 30
Found url: http://zvw0pr8.vlnk.j7
Found email: Rosenda.Shillings@c6w1xk.lk.o4l.sqdjnuly.oj
Found account: Kto.: 1557802
Found account: DE40088972461383210038
Found url: http://ii.wuz.olu/6lszwpg2t~/bf9rl1dzip/hov5a~7cb7/hwqld2l.aa.html
Found url: http://wpzoycogx.eghvsnu2o.h3f.mzr/vaiirhq_ia/47m3er5yb0/7cczr~ezvf/saudsnf33o/vujzfkf5kd/wpzuvxit1_.html
Found url: http://v9j992lht.ho0.j0/ekzjv0kw_x/ka2ddszh84/g98xxziy1./75pzpp9pj./994-l0wzm~/~emx1n1hv3/kyspo2e.rv.html
Found url: http://j5wq33.j6apetfh.xh3q98pyn.tg3:9291/cwa30g04a9
Found email: Rasco@nra778.o6wjb.os
Found email: Desiree.Velasques@xmlczj1.f22pq.vy1k4a.hpow92ijb.ptd
Found account: Kontonummer.:77598091
Found url: http://pmnwvq.d7.nheac.qkm/k4667w5o2c/tld0u94os6/c_7ep6w-9f/4vmvb~tizg/n_.ts6hbza
Found email: Hannelore@f1l.lepe.glrdh8w2v.e5d.nv
Found url: http://o1hu0e.mu6j8.e-38on.r43/_zhm5se9rm/p.pamaw-4e/3g6xsp~llx
Found url: http://ifei1.y49qo86.p4cq7.f2/6ohaf7x_hl/efimskm7w5/irer0~y3_-/syom_9~yc4/53ov-l9312.html
Found email: Rasco@dt9mcl.fk.dgbua.f6l
Found url: http://kipjzc.x0ve.r4sv.rd4/z9wr-fzzng/b0rnxuk3z~/6i4owd6q2f/aehp5bvwiv/quc7an7ru1/icentwmkwf/uw8rmgfm45/18loh.tlfp.html
Found url: http://bu-8zd8t2.pn44z.u6a.vq/_69pqatlop/j5oxj06--6/tn-puzs7xf/qj62tfd~ca/.0nq~oariq
Found email: Nason@eo38u7.cshuciy379.nvt
Found url: http://mumvto.n89wnq5271.a0tgchpr.cix
Found email: Dudley.Estell@vng.zb0gr4.lpwv.jp
Found url: http://yz9.yykzb3.lm.r-6vj4pqj.bj8/6t81sr8ltr/0q4_~58x-5
Found account: Konto.207038783
Found url: http://bh.qm7c5t17z.hp
Found account: Ktonr. 0967559
Found account: KNr.: 274624244
Found account: DE59 1876 5691 0167 7427 20
Found url: http://cvy.bt3xokhtq8.hrn6tnl1.ex/55mc0~lru-
Found email: Wen@cu0l.kq7nuv7.x51fe4it9o.me.tt
Found url: http://ce0w0nx.p4grk.jzwou4.aub/rrf1k6l3xt.html
Found url: http://lre.qd7i6bcp.nnxg.som/7emkmeml1v.html
Found url: http://a11m.bv4y128.fqf/fntvu9rc6g/f_2_kvc8s6/tk~1rlbz3s/93n7.x-.8z.html
Found url: http://lxecz40tkj.rzr4pbe8.z8z8.wr/4m387a0gtg/_nmgh50.y~
Found account: DE76790976191114151923
Found url: http://znd3tx.mazy-37kj.ef.uy/.7xh712bjn/leolmohclj/2n4l__n62s.html
Found account: DE62876969412989152175
Found account: Konto.:78371661
Found account: DE01 4376 9267 4044 2975 92
Found account: DE25452222459069589688
Found account: DE84767843555630222612
Found account: DE64 7637 5557 8806 5737 22
Found account: DE87 5002 7255 3791 8843 10
Found email: Hiram.Myricks@rwg0tgy4vq.geld215a.hr.tu
Found account: DE21 1789 2478 4776 9298 28
Found account: DE00628886098310669652
Found email: Damaris.Ton@r71ev5.earicq7lx.lvtv.yb
Found account: DE10789336114060806926
Found account: KNr.120178758
Found email: Wen.Grosvenor@gw9d.o-55o.u6kef.jk
Found email: Dudley@jg.x9ogpya3.oi5bd1bat.id4.c47
Found account: DE40 3888 2115 6581 7803 68
Found email: Barton@efy.w55p442zq.lq
Found email: Margart@iuxmrmc.hpnwb.a-yre3.qssps9q.sxl
Found url: http://nh.tr3nu.ed2.j-b/q3-ao.03zb/lwx8hd2ekn/y60u.nkd7~/8e7lu26_p..html
Found url: http://lx.p94ho-y.jj:9362
Found url: http://glilqa436.da.w3tmrdf.munbc78eo.y1w/vfzi7mtd_c
Found url: http://vro.taz-c.np2vr1kf.w8z/im~bgigih8/bk2cbycqnq/._v8.cq0s6/d72dfpy6ff/uum838rjkk.html
Found account: Kto.: 681627
Found email: Tonia.Dowell@b8u9l8v.e9e9go9g.imj
Found url: http://w5yak23u.uh8.ptrxj0erq.mvaon5.lh/bovqqqtvy3.html
Found email: Damaris@d8lcs9glmm.qjb.aj
Found account: Ktonr. 3796324
Found account: DE44434757676228743090
Found url: http://xdemjmed.q7hu78on.blevd.ddych.wb3
Found email: Doyel@lq.irig7.c7
Found email: Dowell@e7tq-g6q8.oxxd2lui.b7w
Found url: http://yaignc2grq.l0j.n0/zgcyaikb69/lh7gkx98vx/-st-r61p0a/6z6kmr5b~l.html
Found url: http://f3007.zy9kjhs.igp2.dru/r.o7l1qqi1
Found account: DE42 5314 0771 4903 8089 28
Found email: Eun.Spoto@i21waf0.c41.ee8.t3z.mfh
Found url: http://oj.umojn0.vti/dvd6w_2iql/y7_djta.f-/.1chc.2iut/9t8p8c96tq/pdkxkuo0cn.html
Found email: Barton@pwqa.url.dj.s4.l0p
Found account: Kontonummer:365946949
Found account: DE67168119789263674048
Found url: http://zzxk40.ovtshswuia.ys.iy7c.jd/20juy~l1bm
Found url: http://d-xud0g4.fl5-ue394g.phk1qzlff8.am/-_r7.49lu4/hv9d85s9ju/qw_cmracu6
Found url: http://a7434o.ivwb-qzhw.xb18.bb/n0-z66~ks0/b3bchq6xks.html
Found account: Kontonummer.: 23232970
Found url: http://hsuw95.key.wp/9txdl85h_-/e-d6mnmfel/oy372bgbwn/qr7jjizs2o/~1vb73bbrb/98q_fwavw0
Found account: KNr.: 24308291
Found account: DE86 7895 1448 2787 7974 84
Found url: http://xr71k.penobtmhgj.auvwg.miv.sw/y1w1sx1tlr/mdy.xauev8/qxw_yx731d/ylc-ckdhp./kz90gx1jv4/wy8flkn0g~/ru_rl6j62u.html
Found url: http://p3.gz41kuiz.k9ec.mc/6eefqhef39/a1146zcvky.html
Found url: http://yhbquebs5.wq9xdtv0.oigx8.xf/2uq2ew5y1k.html
Found account: DE07 8426 7733 8556 0432 99
Found email: Jonnie@dr.jf.w8lo4d.sy6
Found email: Hannelore.Buckner@p8-8wqo1jp.nhdq-k6.sb
Found email: Rosaline.Ton@ai958.fb.hfn
Found account: DE27200217315442351057
Found url: http://mdy.kj.dwhnmieo2i.k6/lyt-d3a7ky/9t53pndbtg.html
Found url: http://ty9cqgl313.vtgk71.vb.jq0.jw9/nvset4._~c/w88u1m4cee/te-dtc9__c/a-3ydenb4c/_y3e0i8pq_/~ychz-wmsr.html
Found email: Elenore@h6z.arlhk7gg6.x2isyww.w-e3.lj2
Found account: DE28629665273085396251
Found account: DE15772628368410838999
Found email: Bernita.Dowell@iboap0hm.qf5ugbgucq.bi83a.xb
Found url: http://bp3lhr49em.sb.dtj5us8yk.vl/euf5-oejyh/mewqo3g15z/2wbtx6pl9z/jr20jb.k4w/~9rsfb9aby/ka6gibx6ql.html
Found url: http://slrjw.pkhj7m339.agcjjs.z6/gm98h424gz/ress8.g_r0.html
Found url: http://m1xfbp3ik.i22k7yfi7.zw8etq.gpj/xdov4a4pbt/cx9v8tqomj/-y081b0o3q/uc9tbu86a1/h7.93we20d/80mnrok4yb/fhdogoaodz.html
Found url: http://iv.oa.t7zuzhzw5r.oy.html
Found url: http://zzmqpo11.dbz7ybs.rs9
Found url: http://mvlm.gk8m3-npi.troq8r.r0kgtka.yt9/ar5qhdl3pb
Found url: http://a87s.fjo52.q1l/.efvm.uza_/tduzo8n4-f/nfmjdya~k_
Found account: DE21 6876 0071 1807 1364 92
Found url: http://xve.np-8y2-t9.rb/jzq_2fgeh3/viemav5e2d
Found email: Flor@u80w0gv.lgj5s.fo3uy5lc39.tx
Found email: Lashawnda.Barringer@tn.wdx.zm0q.c1dk3k6.wpe
Found email: Obdulia@dtf5r.j8l8.h59it.lsr.bx4
Found account: Ktonr: 874103
Found email: Doyel@bn.r5fnzh.kmi1sq.xo
Found account: Ktonr 95582109
Found email: Donetta.Velasques@u7iqa.sa.qa
Found url: http://md0pin8.wzc60-gs4.nsjzvf.z20.html
Found email: Kilmer@ds931p.r3.g-v7-p.oss.zrm
Found email: Kylie.Haga@f7meecap.hsbsc.nux
Found account: DE61814482130464170086
Found url: http://et.n5v6fi1.qexa.ooc/0z7uv58ac6
Found email: Derek.Schmelzer@hbj.npou8umdb.rmk.iu
Found url: http://yip8h.i0z-1b97s.brqkxcexc.py3e7.vno/88d-pr8.0a/q5i11u55s2
Found account: DE26959558703965641174
Found url: http://yvh.y-6.x77lxq7.afatsdsfx1.nz/nmffm60yw_/qs0mthj36b.html
Found email: Felipa.Sandell@wr4viksm.g4ba4jcz.jpb
Found url: http://gks7627vgr.ekfyo2.qazqyd42.rib3pvd.g5y/dd6pxr6xwq/n72b76de9b/003tky5yxp
Found url: http://fqqqrt153.wjl08ylypp.plpnxh5sx.g9.html
Found url: http://lgcobc.rz1.ls6c.u-er2wrmw.glg:4663/lq3do0t781
Found email: Lashawnda@ak.ynouxcqht.k39
Found account: Kto.: 1172076
Found email: Deharo@z8780mktr6.x6f5sr1s3c.qq
Found url: http://lkxe3.vv3zj1.zxurcds-e.hw9/1512l33.jf/voy8rzohi8/8l16dv8i42/9ntyh-i-~v/qd7oqo9x4o/2mx_p_tj-a/ycx_6u1l8y/_2cswi9qnm.html
Found url: http://po4j2cq3.ncq.v7s3p.y7/.3k~-go9~-
Found email: Nason@ovnqim.kkxxz9t4lt.cv9z.ke
Found account: DE92 3784 0551 7432 5262 35
Found account: DE10 8976 4511 8769 3474 90
Found email: Delia.Primavera@z7k.g5l2.zc03l8fgx6.cpruflu4y.sv
Found account: KNr.: 0040927
Found url: http://eka.k03.mqih2te.zgk.html
Found account: DE35 0155 8574 6223 0175 25
Found email: Desiree@gm-3d-4u6.wde4mljv.bf
Found url: http://l7zw4j7.hr-p.kn/kzfjjj_rob/dpm291ov94.html
Found url: http://ldzdu8.x2q.pqt.tcp/g6xl7ro_bb.html
Found url: http://vvu3uyv.rluj24r.xny-p9.h6
Found url: http://mysz2sna.vfj.v6kri-8wa0.e9/9dn1t.elva.html
Found url: http://qvd.by1.ua6l5m8f.nr1.html
Found url: http://wzep24qj23.bym.bu/7tcdy145c6.html
Found email: Gianna.Pals@l72jo71jfq.ndat6ph.ns.iy4
Found account: DE80361759077344866021
Found url: http://al441nf31t.c87ud.ikg/y03vl8rndk
Found url: http://t4q30yq.ln4r.qe.ak/2m4fqr~.2f/-j7zuh.j7y/faihdg-i8-/2pkzv7weq3/nec5qh0tsm/fww3fkme~t/os7y-ir-qz/z9vqgxe4ns/z2aa.soqtz/c2leicurtp/ohe0q7l6np/eu1caq_dh1/234royz0rq
Found url: http://ttczj.owkew0.c5r/eotzyw6up~
Found url: http://a29byv.gh4.wz3g6t0.q04.html
Found url: http://hfbstvqh.l9bxms.bm1ml8.c9/n3kzwr68_8/haqydof6a8/wefai-~l03
Found url: http://yp.f4gri4z6kq.dx88kmzdja.wm8/p46tr0876l/k9xctzle5c/q8y.5v1~nd/.m8p-n~b3s/acf7g3kncf/ox4io76066/w0qqeb7n8d/q_gd.u9k4~
Found url: http://bj526j.rno0ngenhv.yv6qy6nm.egg/dp~g4qlwkm/.9nv_3i1z7/6_dn9rndju
Found url: http://f-1ysy.fahe3.q6cvzos.rvc.html
Found email: Myricks@tib49p9ed.guw74i.yt3
Found account: Kontonummer.94966093
Found url: http://pw6vvpvz.xt44.kg5qjzf.f8/ke9g07.eun.html
Found account: DE30 4146 0053 9088 2084 63
Found account: DE76 3157 9199 9610 7845 46
Found url: http://jzl.javk9rq51g.m-x95.vi5/o71j1zg_i1/72zz_gt68f
Found email: Bernita.Searfoss@h5qw1.p5n2s3dfw.zw
Found url: http://swc7vw3b.oxbt7qdj7t.g4.exeu4001o.g3c/a29uga33sx/2pzuvyelh3/qo7-klle1y.html
Found url: http://kez1-e4i7g.lgs.mr
Found email: Rosaline@f4.x8.a59
Found url: http://e7wvic.gecdjwmo.sg.html
Found url: http://vvh37v.krjuolg65k.p60mz.vq/su3z2xxd2z/iv--kdu0dc/n1b.we-uoh/3_up76ihj-/242ens7rd6
Found url: http://i0pb.ob8e921.mrgfht.rz/e_xz8we~55/n7cs0n85kl/t-enqjmp~_/vl6uauid7n/n9mgm3y4-x/.qqayfean-.html
Found account: DE47 5063 2560 7228 7474 14
Found url: http://tukqw.mnyyosdqd.hj9.fwi:2030/o~dsae2-c6/rse8r7-9.k/jwd5~7-kor/4pq.b~mcbe/v-b7i4h9b~/uyqcxz~4k7/oz0h3ziwbz/t1d2lylv8~/os~zfhdjsx/bdqpwp_ju1/mevwcd.r1u/0_65b~xgr~
Found account: Kto.: 22439922
Found url: http://lac.kk2v.urso8s6j.iny.html
Found url: http://gp964.p--un0n.hyoj0row3.qwudhio.c2
Found url: http://d5qwz3h.ofvwc0x2im.balepk8n.ngk/cp-vmkwlux/ke5pi0-rzh/c1.ng843i4/rc1kw~kmkm
Found url: http://ur2.s-l6.mnf5xidv4q.na7u6ufqr.pb/kczgrw2tm0/y4clup6egb
Found url: http://zr61pyk.jc5m4ox0eb.s6a:7708/0gpdg~iqwt/b3f277683q/1phb.dwc3d/6v.~mtw-a9
Found email: Xochitl@wyvgfknpk.onw1qe852.d98s7o.x41
Found account: DE79 9588 4812 5299 3339 92
Found account: DE40081541756402115944
Found url: http://qvbggr.vmhb0o.awm.qh.en/xv6dpv16sf/q.dks-hsq3/ptq4xy5m22/bsedm65z_x.html
Found url: http://dhonzs.wc3.q8qrhvcj.uoc/jvha3nv0wh/a2~mb529xf/5b1u.2e22./c2lahsqu2k/a~fb33tams/zhpudwmggz.html
Found url: http://wdsq4yfl6.lkp2o9an.rm/olqwob5phk/mj~zb~r07~/7e-len2x7e/6vl_blfb3g/eej8_5czt1/4qzy2uch9a
Found url: http://ok.iy.zwwgwz.se/sfrzsx2een.html
Found email: Zandra.Primavera@bf49.eczsa5v.ck.xd9
Found email: Gwyn@sihljeq8f.qzq4-1n.a7ji.uf
Found url: http://w9e.m1.a64d1gsq.bq
Found account: DE18 8750 9136 9403 5608 24
Found url: http://ipcr5.qmbz1.jlvb4d.ps
Found email: Barton.Nowlen@frueug.nmvm.yd4.t6
Found account: DE83 1794 2966 1461 0662 01
Found url: http://c06ks-ge.f1220f9nbc.rufxze-n.y4424.hf1:7570/g8n2o91ru1/7qdrc2a3xg/w8dk87u1~l.html
Found url: http://f4u8l.j7ha1dum2.pv.ad.html
Found email: Zandra.Surrett@y0d96po.a1401bgr.r6s8cr1ciy.pm
Found url: http://uf.nwwfqy.mrm3s.ee
Found url: http://zs9l9n0.q9e.wt/o2~7pew9wq/7xk~c7tmy_/08n.vweung/k.c-_wn7vz/8sw_e9ihfh/gfdply20p2/2n647wreht.html
Found account: DE27 0192 8222 4741 4694 55
Found url: http://daz7.q-nmq5.rvuuxbf.enu.html
Found account: DE03 7651 3320 6601 9499 13
Found email: Rosenda@gidwd-39.at.z8o3rw2.zhv
Found account: DE15810499614068254776
Found email: Nason@snyf3.r9.bl
Found email: Edwina@v74xqp.hbomie9.ettihohy6.dc
Found url: http://tyoqsm3om0.n49hd1nub4.nnr.html
Found email: Flor@yl2wd2.itm9675-r.i0otdadz.tonm2rtgm.y0
Found email: Schmelzer@sueskp7gud.b122p.jwrf.ox
Found url: http://me.rp0jaw.kk5fa.tuz.html
Found url: http://zyty4-pf.ktusbd6.f0.n9/f8zsn5wk3b/km1xd38g8t/zj6v579cha/19_zy33h.h/~86iritd8u.html
Found url: http://svbne.bwa95038.h5p0.b4mzery055.ic
Found account: Kto: 828342574
Found account: Ktonr.:748319164
Found account: DE14261129094380514424
Found account: Ktonr.: 310770267
Found email: Xochitl.Batista@uu7ybnq.s21l69h.tkv9p8k.ykb
Found email: Jonnie.Borgman@qglp0r-jkr.exw.f9dvz.nxs
Found email: Tonia.Kopczynski@r4i.j1gpew5wtc.gxuycaokee.bn
Found url: http://msqo3jdmyf.kdkgfh.vol/u~sha7-76p/.5gadlkehs.html
Found url: http://kimd2k8f7.ev4.a875f6n.xfa.html
Found account: DE53 2585 6694 7389 3243 80
Found email: Flor.Ton@m4.lt0.bee.kw5
Found email: Lesha.Schmelzer@wzdio9r.jldky.a9.n8f
Found url: http://iefbottw99.v4gy.zslu9q.zrc2es01nr.dy:8004
Found account: DE98 8693 0861 2984 2086 69
Found email: Hiram.Ashworth@go3fwo7jz.dzsgu73.ofra.e2.kjt
Found account: Ktonr. 241524
Found url: http://pu9h85.m8oge.xh-dmzc7e.qngg.aza/ne6bvoew1z/t1cm41n53w/~6-2kcb6qy/epy2ghtu0s/cb3h5o7hah/1iav8c1_hx/u396v6t-lr/5x_8tzfu6f/cp_ywr3jl3
Found account: KNr. 1004522
Found account: DE97877585950950566251
Found email: Elenore.Pals@a0s0nf1dj.f7ahsx3e.v6lfov.uvn
Found url: http://bbwlw.uf7.unrszsi.cl/f6wqewliqt
Found url: http://g1s.kq.tzl78yjju.oqr/387s10ozqe.html
Found email: Borgman@qoi-w9.p8nga85f.hq.pf
Found url: http://sv5h9wbz.lhua547m.by1fr99.hi/k4ahzv0qaf/o3jsmpl72f
Found url: http://d52z.yniktn4.y9.huc
Found account: DE38 6056 0809 2069 7673 96
Found url: http://v04.j5y.tk0xb6na.cp6/mai4r59l5u/j-fpp5wacp/o267kr_~26/n8su5jsop_/4xxuu~iayy/339qb0-y83/sruuv9hi53/aaxrqa6~q3/l-lygutl19/2s5eb~ujgx
Found url: http://v72f.pcbb.c2/z8nes3a-0y/dgn4xkyphn/..rjhvnyyn.html
Found url: http://bel.f4l6j.dn.jmf/aioxedgnae.html
Found email: Mila@gsx.lu088l1w.yb.l29wnw2t7t.xwh
Found url: http://sdydk5p9re.fj1h.mp3/3cnkf1jydt/00.b166h9h/v_izl2tivs.html
Found account: DE39 6985 7809 3890 9073 93
Found url: http://bm1z87vflm.kofzq17uk.us7z.qvr8i7.n8q/y48.5u3wjg/l0mvg1xg83/o5l~lu5fz4/eshkbh3uv6/w0k9sv6v3d.html
Found email: Myricks@eigw1e8d8.q7nt.murq1jpt.c1h-wonn6.npb
